d:\gitrepository\api\intermediate\x64\debug\vc143.pdb
d:\gitrepository\api\intermediate\x64\debug\vc143.idb
d:\gitrepository\api\intermediate\x64\debug\player.obj
d:\gitrepository\api\intermediate\x64\debug\devscene.obj
d:\gitrepository\api\intermediate\x64\debug\gamecoding.pch
d:\gitrepository\api\intermediate\x64\debug\pch.obj
d:\gitrepository\api\intermediate\x64\debug\utils.obj
d:\gitrepository\api\intermediate\x64\debug\timemanager.obj
d:\gitrepository\api\intermediate\x64\debug\texture.obj
d:\gitrepository\api\intermediate\x64\debug\spriteactor.obj
d:\gitrepository\api\intermediate\x64\debug\sprite.obj
d:\gitrepository\api\intermediate\x64\debug\scenemanager.obj
d:\gitrepository\api\intermediate\x64\debug\scene.obj
d:\gitrepository\api\intermediate\x64\debug\resourcemanager.obj
d:\gitrepository\api\intermediate\x64\debug\resourcebase.obj
d:\gitrepository\api\intermediate\x64\debug\object.obj
d:\gitrepository\api\intermediate\x64\debug\inputmanager.obj
d:\gitrepository\api\intermediate\x64\debug\gamecoding.obj
d:\gitrepository\api\intermediate\x64\debug\game.obj
d:\gitrepository\api\intermediate\x64\debug\flipbookactor.obj
d:\gitrepository\api\intermediate\x64\debug\flipbook.obj
d:\gitrepository\api\intermediate\x64\debug\editscene.obj
d:\gitrepository\api\intermediate\x64\debug\component.obj
d:\gitrepository\api\intermediate\x64\debug\actor.obj
d:\gitrepository\api\intermediate\x64\debug\cameracomponent.obj
d:\gitrepository\api\intermediate\x64\debug\spherecollider.obj
d:\gitrepository\api\intermediate\x64\debug\collider.obj
d:\gitrepository\api\intermediate\x64\debug\boxcollider.obj
d:\gitrepository\api\intermediate\x64\debug\collisionmanager.obj
d:\gitrepository\api\binaries\x64\debug\gamecoding.exe
d:\gitrepository\api\intermediate\x64\debug\gamecoding.ilk
d:\gitrepository\api\binaries\x64\debug\gamecoding.pdb
d:\gitrepository\api\intermediate\x64\debug\gamecoding.res
d:\gitrepository\api\intermediate\x64\debug\gamecoding.vcxproj.filelistabsolute.txt
d:\gitrepository\api\intermediate\x64\debug\gamecoding.tlog\cl.command.1.tlog
d:\gitrepository\api\intermediate\x64\debug\gamecoding.tlog\cl.items.tlog
d:\gitrepository\api\intermediate\x64\debug\gamecoding.tlog\cl.read.1.tlog
d:\gitrepository\api\intermediate\x64\debug\gamecoding.tlog\cl.write.1.tlog
d:\gitrepository\api\intermediate\x64\debug\gamecoding.tlog\link.command.1.tlog
d:\gitrepository\api\intermediate\x64\debug\gamecoding.tlog\link.read.1.tlog
d:\gitrepository\api\intermediate\x64\debug\gamecoding.tlog\link.write.1.tlog
d:\gitrepository\api\intermediate\x64\debug\gamecoding.tlog\rc.command.1.tlog
d:\gitrepository\api\intermediate\x64\debug\gamecoding.tlog\rc.read.1.tlog
d:\gitrepository\api\intermediate\x64\debug\gamecoding.tlog\rc.write.1.tlog
