d:\gitrepository\api\intermediate\debug\gamecoding.pch
d:\gitrepository\api\intermediate\debug\vc143.pdb
d:\gitrepository\api\intermediate\debug\vc143.idb
d:\gitrepository\api\intermediate\debug\pch.obj
d:\gitrepository\api\intermediate\debug\utils.obj
d:\gitrepository\api\intermediate\debug\timemanager.obj
d:\gitrepository\api\intermediate\debug\texture.obj
d:\gitrepository\api\intermediate\debug\sprite.obj
d:\gitrepository\api\intermediate\debug\scenemanager.obj
d:\gitrepository\api\intermediate\debug\scene.obj
d:\gitrepository\api\intermediate\debug\resourcemanager.obj
d:\gitrepository\api\intermediate\debug\resourcebase.obj
d:\gitrepository\api\intermediate\debug\object.obj
d:\gitrepository\api\intermediate\debug\inputmanager.obj
d:\gitrepository\api\intermediate\debug\gamecoding.obj
d:\gitrepository\api\intermediate\debug\game.obj
d:\gitrepository\api\intermediate\debug\editscene.obj
d:\gitrepository\api\intermediate\debug\devscene.obj
d:\gitrepository\api\intermediate\debug\spriteactor.obj
d:\gitrepository\api\intermediate\debug\actor.obj
d:\gitrepository\api\intermediate\debug\player.obj
d:\gitrepository\api\intermediate\debug\spriterenderer.obj
d:\gitrepository\api\intermediate\debug\component.obj
d:\gitrepository\api\binaries\debug\gamecoding.exe
d:\gitrepository\api\intermediate\debug\gamecoding.ilk
d:\gitrepository\api\binaries\debug\gamecoding.pdb
d:\gitrepository\api\intermediate\debug\gamecoding.res
d:\gitrepository\api\intermediate\debug\gameobject.obj
d:\gitrepository\api\intermediate\debug\playermovescript.obj
d:\gitrepository\api\intermediate\debug\gamecoding.vcxproj.filelistabsolute.txt
d:\gitrepository\api\intermediate\debug\gamecoding.tlog\cl.command.1.tlog
d:\gitrepository\api\intermediate\debug\gamecoding.tlog\cl.items.tlog
d:\gitrepository\api\intermediate\debug\gamecoding.tlog\cl.read.1.tlog
d:\gitrepository\api\intermediate\debug\gamecoding.tlog\cl.write.1.tlog
d:\gitrepository\api\intermediate\debug\gamecoding.tlog\link.command.1.tlog
d:\gitrepository\api\intermediate\debug\gamecoding.tlog\link.read.1.tlog
d:\gitrepository\api\intermediate\debug\gamecoding.tlog\link.write.1.tlog
d:\gitrepository\api\intermediate\debug\gamecoding.tlog\rc.command.1.tlog
d:\gitrepository\api\intermediate\debug\gamecoding.tlog\rc.read.1.tlog
d:\gitrepository\api\intermediate\debug\gamecoding.tlog\rc.write.1.tlog
