d:\gitrepository\winapi\gamecoding\x64\debug\gamecoding.pch
d:\gitrepository\winapi\gamecoding\x64\debug\vc143.pdb
d:\gitrepository\winapi\gamecoding\x64\debug\vc143.idb
d:\gitrepository\winapi\gamecoding\x64\debug\pch.obj
d:\gitrepository\winapi\gamecoding\x64\debug\gamecoding.obj
d:\gitrepository\winapi\gamecoding\x64\debug\game.obj
d:\gitrepository\winapi\gamecoding\x64\debug\gamecoding.ilk
d:\gitrepository\winapi\x64\debug\gamecoding.exe
d:\gitrepository\winapi\x64\debug\gamecoding.pdb
d:\gitrepository\winapi\gamecoding\x64\debug\gamecoding.res
d:\gitrepository\winapi\gamecoding\x64\debug\gamecoding.tlog\cl.command.1.tlog
d:\gitrepository\winapi\gamecoding\x64\debug\gamecoding.tlog\cl.items.tlog
d:\gitrepository\winapi\gamecoding\x64\debug\gamecoding.tlog\cl.read.1.tlog
d:\gitrepository\winapi\gamecoding\x64\debug\gamecoding.tlog\cl.write.1.tlog
d:\gitrepository\winapi\gamecoding\x64\debug\gamecoding.tlog\link.command.1.tlog
d:\gitrepository\winapi\gamecoding\x64\debug\gamecoding.tlog\link.read.1.tlog
d:\gitrepository\winapi\gamecoding\x64\debug\gamecoding.tlog\link.write.1.tlog
d:\gitrepository\winapi\gamecoding\x64\debug\gamecoding.tlog\rc.command.1.tlog
d:\gitrepository\winapi\gamecoding\x64\debug\gamecoding.tlog\rc.read.1.tlog
d:\gitrepository\winapi\gamecoding\x64\debug\gamecoding.tlog\rc.write.1.tlog
